<?xml version="1.0" encoding="UTF-8"?>
<testng-results skipped="0" failed="0" ignored="0" total="1" passed="1">
  <reporter-output>
  </reporter-output>
  <suite name="Default suite" duration-ms="6323" started-at="2022-03-11T12:58:01 IST" finished-at="2022-03-11T12:58:07 IST">
    <groups>
    </groups>
    <test name="Default test" duration-ms="6323" started-at="2022-03-11T12:58:01 IST" finished-at="2022-03-11T12:58:07 IST">
      <class name="testClasses.Screenshot">
        <test-method status="PASS" signature="launchBrowser()[pri:0, instance:testClasses.Screenshot@7a9273a8]" name="launchBrowser" is-config="true" duration-ms="2509" started-at="2022-03-11T12:58:01 IST" finished-at="2022-03-11T12:58:03 IST">
          <reporter-output>
          </reporter-output>
        </test-method> <!-- launchBrowser -->
        <test-method status="PASS" signature="TC01()[pri:0, instance:testClasses.Screenshot@7a9273a8]" name="TC01" duration-ms="3438" started-at="2022-03-11T12:58:04 IST" finished-at="2022-03-11T12:58:07 IST">
          <reporter-output>
          </reporter-output>
        </test-method> <!-- TC01 -->
        <test-method status="PASS" signature="Screenshot1()[pri:0, instance:testClasses.Screenshot@7a9273a8]" name="Screenshot1" is-config="true" duration-ms="314" started-at="2022-03-11T12:58:07 IST" finished-at="2022-03-11T12:58:07 IST">
          <reporter-output>
          </reporter-output>
        </test-method> <!-- Screenshot1 -->
      </class> <!-- testClasses.Screenshot -->
    </test> <!-- Default test -->
  </suite> <!-- Default suite -->
</testng-results>
